# JRE version: Java(TM) SE Runtime Environment 18.9 (11.0.16.1+1) (build 11.0.16.1+1-LTS-1)
# Java VM: Java HotSpot(TM) 64-Bit Server VM 18.9 (11.0.16.1+1-LTS-1, mixed mode, tiered, compressed oops, g1 gc, windows-amd64)
Heap:
 garbage-first heap   total 305152K, used 113533K [0x0000000709200000, 0x0000000800000000)
  region size 1024K, 75 young (76800K), 13 survivors (13312K)
 Metaspace       used 37739K, capacity 38523K, committed 38784K, reserved 1083392K
  class space    used 4127K, capacity 4463K, committed 4480K, reserved 1048576K
GC Heap History (10 events):
Event: 0.457 GC heap before
{Heap before GC invocations=0 (full 0):
 garbage-first heap   total 253952K, used 23552K [0x0000000709200000, 0x0000000800000000)
  region size 1024K, 24 young (24576K), 0 survivors (0K)
 Metaspace       used 10152K, capacity 10342K, committed 10496K, reserved 1058816K
  class space    used 951K, capacity 1023K, committed 1024K, reserved 1048576K
}
Event: 0.459 GC heap after
{Heap after GC invocations=1 (full 0):
 garbage-first heap   total 253952K, used 5260K [0x0000000709200000, 0x0000000800000000)
  region size 1024K, 3 young (3072K), 3 survivors (3072K)
 Metaspace       used 10152K, capacity 10342K, committed 10496K, reserved 1058816K
  class space    used 951K, capacity 1023K, committed 1024K, reserved 1048576K
}
Event: 1.889 GC heap before
{Heap before GC invocations=1 (full 0):
 garbage-first heap   total 253952K, used 153740K [0x0000000709200000, 0x0000000800000000)
  region size 1024K, 148 young (151552K), 3 survivors (3072K)
 Metaspace       used 20111K, capacity 20396K, committed 20736K, reserved 1069056K
  class space    used 1848K, capacity 1945K, committed 2048K, reserved 1048576K
}
Event: 1.899 GC heap after
{Heap after GC invocations=2 (full 0):
 garbage-first heap   total 253952K, used 19809K [0x0000000709200000, 0x0000000800000000)
  region size 1024K, 18 young (18432K), 18 survivors (18432K)
 Metaspace       used 20111K, capacity 20396K, committed 20736K, reserved 1069056K
  class space    used 1848K, capacity 1945K, committed 2048K, reserved 1048576K
}
Event: 2.065 GC heap before
{Heap before GC invocations=2 (full 0):
 garbage-first heap   total 253952K, used 45409K [0x0000000709200000, 0x0000000800000000)
  region size 1024K, 44 young (45056K), 18 survivors (18432K)
 Metaspace       used 20909K, capacity 21196K, committed 21248K, reserved 1069056K
  class space    used 1941K, capacity 2041K, committed 2048K, reserved 1048576K
}
Event: 2.076 GC heap after
{Heap after GC invocations=3 (full 0):
 garbage-first heap   total 253952K, used 22298K [0x0000000709200000, 0x0000000800000000)
  region size 1024K, 3 young (3072K), 3 survivors (3072K)
 Metaspace       used 20909K, capacity 21196K, committed 21248K, reserved 1069056K
  class space    used 1941K, capacity 2041K, committed 2048K, reserved 1048576K
}
Event: 3.442 GC heap before
{Heap before GC invocations=4 (full 0):
 garbage-first heap   total 253952K, used 160538K [0x0000000709200000, 0x0000000800000000)
  region size 1024K, 138 young (141312K), 3 survivors (3072K)
 Metaspace       used 28001K, capacity 28507K, committed 28672K, reserved 1075200K
  class space    used 2818K, capacity 3025K, committed 3072K, reserved 1048576K
}
Event: 3.449 GC heap after
{Heap after GC invocations=5 (full 0):
 garbage-first heap   total 253952K, used 33858K [0x0000000709200000, 0x0000000800000000)
  region size 1024K, 14 young (14336K), 14 survivors (14336K)
 Metaspace       used 28001K, capacity 28507K, committed 28672K, reserved 1075200K
  class space    used 2818K, capacity 3025K, committed 3072K, reserved 1048576K
}
Event: 4.298 GC heap before
{Heap before GC invocations=5 (full 0):
 garbage-first heap   total 253952K, used 160834K [0x0000000709200000, 0x0000000800000000)
  region size 1024K, 139 young (142336K), 14 survivors (14336K)
 Metaspace       used 35037K, capacity 35732K, committed 35840K, reserved 1081344K
  class space    used 3730K, capacity 4044K, committed 4096K, reserved 1048576K
}
Event: 4.311 GC heap after
{Heap after GC invocations=6 (full 0):
 garbage-first heap   total 305152K, used 45949K [0x0000000709200000, 0x0000000800000000)
  region size 1024K, 13 young (13312K), 13 survivors (13312K)
 Metaspace       used 35037K, capacity 35732K, committed 35840K, reserved 1081344K
  class space    used 3730K, capacity 4044K, committed 4096K, reserved 1048576K
}

