# JRE version: Java(TM) SE Runtime Environment 18.9 (11.0.16.1+1) (build 11.0.16.1+1-LTS-1)
# Java VM: Java HotSpot(TM) 64-Bit Server VM 18.9 (11.0.16.1+1-LTS-1, mixed mode, tiered, compressed oops, g1 gc, windows-amd64)
Heap:
 garbage-first heap   total 305152K, used 148116K [0x0000000709200000, 0x0000000800000000)
  region size 1024K, 113 young (115712K), 15 survivors (15360K)
 Metaspace       used 40092K, capacity 40840K, committed 41088K, reserved 1085440K
  class space    used 4393K, capacity 4680K, committed 4736K, reserved 1048576K
GC Heap History (10 events):
Event: 1.824 GC heap before
{Heap before GC invocations=1 (full 0):
 garbage-first heap   total 253952K, used 154151K [0x0000000709200000, 0x0000000800000000)
  region size 1024K, 148 young (151552K), 3 survivors (3072K)
 Metaspace       used 20138K, capacity 20464K, committed 20736K, reserved 1069056K
  class space    used 1847K, capacity 1945K, committed 2048K, reserved 1048576K
}
Event: 1.835 GC heap after
{Heap after GC invocations=2 (full 0):
 garbage-first heap   total 253952K, used 19891K [0x0000000709200000, 0x0000000800000000)
  region size 1024K, 17 young (17408K), 17 survivors (17408K)
 Metaspace       used 20138K, capacity 20464K, committed 20736K, reserved 1069056K
  class space    used 1847K, capacity 1945K, committed 2048K, reserved 1048576K
}
Event: 2.005 GC heap before
{Heap before GC invocations=2 (full 0):
 garbage-first heap   total 253952K, used 45491K [0x0000000709200000, 0x0000000800000000)
  region size 1024K, 43 young (44032K), 17 survivors (17408K)
 Metaspace       used 20916K, capacity 21200K, committed 21248K, reserved 1069056K
  class space    used 1942K, capacity 2041K, committed 2048K, reserved 1048576K
}
Event: 2.017 GC heap after
{Heap after GC invocations=3 (full 0):
 garbage-first heap   total 253952K, used 22489K [0x0000000709200000, 0x0000000800000000)
  region size 1024K, 3 young (3072K), 3 survivors (3072K)
 Metaspace       used 20916K, capacity 21200K, committed 21248K, reserved 1069056K
  class space    used 1942K, capacity 2041K, committed 2048K, reserved 1048576K
}
Event: 2.881 GC heap before
{Heap before GC invocations=4 (full 0):
 garbage-first heap   total 253952K, used 98265K [0x0000000709200000, 0x0000000800000000)
  region size 1024K, 77 young (78848K), 3 survivors (3072K)
 Metaspace       used 25773K, capacity 26254K, committed 26368K, reserved 1073152K
  class space    used 2555K, capacity 2737K, committed 2816K, reserved 1048576K
}
Event: 2.886 GC heap after
{Heap after GC invocations=5 (full 0):
 garbage-first heap   total 253952K, used 27905K [0x0000000709200000, 0x0000000800000000)
  region size 1024K, 8 young (8192K), 8 survivors (8192K)
 Metaspace       used 25773K, capacity 26254K, committed 26368K, reserved 1073152K
  class space    used 2555K, capacity 2737K, committed 2816K, reserved 1048576K
}
Event: 4.273 GC heap before
{Heap before GC invocations=5 (full 0):
 garbage-first heap   total 253952K, used 142593K [0x0000000709200000, 0x0000000800000000)
  region size 1024K, 120 young (122880K), 8 survivors (8192K)
 Metaspace       used 32739K, capacity 33246K, committed 33408K, reserved 1079296K
  class space    used 3397K, capacity 3606K, committed 3712K, reserved 1048576K
}
Event: 4.281 GC heap after
{Heap after GC invocations=6 (full 0):
 garbage-first heap   total 253952K, used 36619K [0x0000000709200000, 0x0000000800000000)
  region size 1024K, 15 young (15360K), 15 survivors (15360K)
 Metaspace       used 32739K, capacity 33246K, committed 33408K, reserved 1079296K
  class space    used 3397K, capacity 3606K, committed 3712K, reserved 1048576K
}
Event: 4.600 GC heap before
{Heap before GC invocations=6 (full 0):
 garbage-first heap   total 253952K, used 88843K [0x0000000709200000, 0x0000000800000000)
  region size 1024K, 67 young (68608K), 15 survivors (15360K)
 Metaspace       used 35299K, capacity 35821K, committed 35840K, reserved 1081344K
  class space    used 3721K, capacity 3953K, committed 3968K, reserved 1048576K
}
Event: 4.609 GC heap after
{Heap after GC invocations=7 (full 0):
 garbage-first heap   total 305152K, used 43668K [0x0000000709200000, 0x0000000800000000)
  region size 1024K, 15 young (15360K), 15 survivors (15360K)
 Metaspace       used 35299K, capacity 35821K, committed 35840K, reserved 1081344K
  class space    used 3721K, capacity 3953K, committed 3968K, reserved 1048576K
}

