# JRE version: Java(TM) SE Runtime Environment 18.9 (11.0.16.1+1) (build 11.0.16.1+1-LTS-1)
# Java VM: Java HotSpot(TM) 64-Bit Server VM 18.9 (11.0.16.1+1-LTS-1, mixed mode, tiered, compressed oops, g1 gc, windows-amd64)
Heap:
 garbage-first heap   total 305152K, used 133200K [0x0000000709200000, 0x0000000800000000)
  region size 1024K, 69 young (70656K), 3 survivors (3072K)
 Metaspace       used 37917K, capacity 38699K, committed 38812K, reserved 1083392K
  class space    used 4148K, capacity 4499K, committed 4552K, reserved 1048576K
GC Heap History (10 events):
Event: 2.024 GC heap before
{Heap before GC invocations=3 (full 0):
 garbage-first heap   total 253952K, used 54100K [0x0000000709200000, 0x0000000800000000)
  region size 1024K, 21 young (21504K), 3 survivors (3072K)
 Metaspace       used 20917K, capacity 21200K, committed 21248K, reserved 1069056K
  class space    used 1943K, capacity 2041K, committed 2048K, reserved 1048576K
}
Event: 2.027 GC heap after
{Heap after GC invocations=4 (full 0):
 garbage-first heap   total 253952K, used 36180K [0x0000000709200000, 0x0000000800000000)
  region size 1024K, 2 young (2048K), 2 survivors (2048K)
 Metaspace       used 20917K, capacity 21200K, committed 21248K, reserved 1069056K
  class space    used 1943K, capacity 2041K, committed 2048K, reserved 1048576K
}
Event: 2.656 GC heap before
{Heap before GC invocations=5 (full 0):
 garbage-first heap   total 253952K, used 90452K [0x0000000709200000, 0x0000000800000000)
  region size 1024K, 55 young (56320K), 2 survivors (2048K)
 Metaspace       used 24318K, capacity 24738K, committed 24956K, reserved 1071104K
  class space    used 2376K, capacity 2593K, committed 2684K, reserved 1048576K
}
Event: 2.661 GC heap after
{Heap after GC invocations=6 (full 0):
 garbage-first heap   total 253952K, used 41016K [0x0000000709200000, 0x0000000800000000)
  region size 1024K, 7 young (7168K), 7 survivors (7168K)
 Metaspace       used 24318K, capacity 24738K, committed 24956K, reserved 1071104K
  class space    used 2376K, capacity 2593K, committed 2684K, reserved 1048576K
}
Event: 3.475 GC heap before
{Heap before GC invocations=6 (full 0):
 garbage-first heap   total 253952K, used 128056K [0x0000000709200000, 0x0000000800000000)
  region size 1024K, 92 young (94208K), 7 survivors (7168K)
 Metaspace       used 28149K, capacity 28642K, committed 28924K, reserved 1075200K
  class space    used 2832K, capacity 3026K, committed 3068K, reserved 1048576K
}
Event: 3.483 GC heap after
{Heap after GC invocations=7 (full 0):
 garbage-first heap   total 305152K, used 48731K [0x0000000709200000, 0x0000000800000000)
  region size 1024K, 12 young (12288K), 12 survivors (12288K)
 Metaspace       used 28149K, capacity 28642K, committed 28924K, reserved 1075200K
  class space    used 2832K, capacity 3026K, committed 3068K, reserved 1048576K
}
Event: 4.340 GC heap before
{Heap before GC invocations=7 (full 0):
 garbage-first heap   total 305152K, used 159323K [0x0000000709200000, 0x0000000800000000)
  region size 1024K, 120 young (122880K), 12 survivors (12288K)
 Metaspace       used 34387K, capacity 35081K, committed 35196K, reserved 1081344K
  class space    used 3633K, capacity 3926K, committed 3964K, reserved 1048576K
}
Event: 4.348 GC heap after
{Heap after GC invocations=8 (full 0):
 garbage-first heap   total 305152K, used 58368K [0x0000000709200000, 0x0000000800000000)
  region size 1024K, 15 young (15360K), 15 survivors (15360K)
 Metaspace       used 34387K, capacity 35081K, committed 35196K, reserved 1081344K
  class space    used 3633K, capacity 3926K, committed 3964K, reserved 1048576K
}
Event: 4.484 GC heap before
{Heap before GC invocations=8 (full 0):
 garbage-first heap   total 305152K, used 77824K [0x0000000709200000, 0x0000000800000000)
  region size 1024K, 35 young (35840K), 15 survivors (15360K)
 Metaspace       used 35261K, capacity 35931K, committed 36048K, reserved 1081344K
  class space    used 3752K, capacity 4045K, committed 4092K, reserved 1048576K
}
Event: 4.491 GC heap after
{Heap after GC invocations=9 (full 0):
 garbage-first heap   total 305152K, used 61520K [0x0000000709200000, 0x0000000800000000)
  region size 1024K, 3 young (3072K), 3 survivors (3072K)
 Metaspace       used 35261K, capacity 35931K, committed 36048K, reserved 1081344K
  class space    used 3752K, capacity 4045K, committed 4092K, reserved 1048576K
}

