# JRE version: Java(TM) SE Runtime Environment 18.9 (11.0.16.1+1) (build 11.0.16.1+1-LTS-1)
# Java VM: Java HotSpot(TM) 64-Bit Server VM 18.9 (11.0.16.1+1-LTS-1, mixed mode, tiered, compressed oops, g1 gc, windows-amd64)
Heap:
 garbage-first heap   total 305152K, used 143531K [0x0000000709200000, 0x0000000800000000)
  region size 1024K, 94 young (96256K), 3 survivors (3072K)
 Metaspace       used 39558K, capacity 40329K, committed 40576K, reserved 1085440K
  class space    used 4310K, capacity 4648K, committed 4736K, reserved 1048576K
GC Heap History (10 events):
Event: 1.814 GC heap before
{Heap before GC invocations=1 (full 0):
 garbage-first heap   total 253952K, used 153871K [0x0000000709200000, 0x0000000800000000)
  region size 1024K, 148 young (151552K), 3 survivors (3072K)
 Metaspace       used 20262K, capacity 20568K, committed 20736K, reserved 1069056K
  class space    used 1852K, capacity 1931K, committed 2048K, reserved 1048576K
}
Event: 1.825 GC heap after
{Heap after GC invocations=2 (full 0):
 garbage-first heap   total 253952K, used 20190K [0x0000000709200000, 0x0000000800000000)
  region size 1024K, 18 young (18432K), 18 survivors (18432K)
 Metaspace       used 20262K, capacity 20568K, committed 20736K, reserved 1069056K
  class space    used 1852K, capacity 1931K, committed 2048K, reserved 1048576K
}
Event: 1.979 GC heap before
{Heap before GC invocations=2 (full 0):
 garbage-first heap   total 253952K, used 45790K [0x0000000709200000, 0x0000000800000000)
  region size 1024K, 44 young (45056K), 18 survivors (18432K)
 Metaspace       used 20925K, capacity 21176K, committed 21248K, reserved 1069056K
  class space    used 1938K, capacity 2027K, committed 2048K, reserved 1048576K
}
Event: 1.990 GC heap after
{Heap after GC invocations=3 (full 0):
 garbage-first heap   total 253952K, used 22660K [0x0000000709200000, 0x0000000800000000)
  region size 1024K, 3 young (3072K), 3 survivors (3072K)
 Metaspace       used 20925K, capacity 21176K, committed 21248K, reserved 1069056K
  class space    used 1938K, capacity 2027K, committed 2048K, reserved 1048576K
}
Event: 2.934 GC heap before
{Heap before GC invocations=4 (full 0):
 garbage-first heap   total 253952K, used 136324K [0x0000000709200000, 0x0000000800000000)
  region size 1024K, 114 young (116736K), 3 survivors (3072K)
 Metaspace       used 27245K, capacity 27704K, committed 27776K, reserved 1075200K
  class space    used 2681K, capacity 2894K, committed 2944K, reserved 1048576K
}
Event: 2.940 GC heap after
{Heap after GC invocations=5 (full 0):
 garbage-first heap   total 253952K, used 31321K [0x0000000709200000, 0x0000000800000000)
  region size 1024K, 11 young (11264K), 11 survivors (11264K)
 Metaspace       used 27245K, capacity 27704K, committed 27776K, reserved 1075200K
  class space    used 2681K, capacity 2894K, committed 2944K, reserved 1048576K
}
Event: 3.946 GC heap before
{Heap before GC invocations=5 (full 0):
 garbage-first heap   total 253952K, used 161369K [0x0000000709200000, 0x0000000800000000)
  region size 1024K, 138 young (141312K), 11 survivors (11264K)
 Metaspace       used 33393K, capacity 33907K, committed 34176K, reserved 1079296K
  class space    used 3469K, capacity 3688K, committed 3712K, reserved 1048576K
}
Event: 3.957 GC heap after
{Heap after GC invocations=6 (full 0):
 garbage-first heap   total 305152K, used 43490K [0x0000000709200000, 0x0000000800000000)
  region size 1024K, 13 young (13312K), 13 survivors (13312K)
 Metaspace       used 33393K, capacity 33907K, committed 34176K, reserved 1079296K
  class space    used 3469K, capacity 3688K, committed 3712K, reserved 1048576K
}
Event: 4.218 GC heap before
{Heap before GC invocations=6 (full 0):
 garbage-first heap   total 305152K, used 68066K [0x0000000709200000, 0x0000000800000000)
  region size 1024K, 38 young (38912K), 13 survivors (13312K)
 Metaspace       used 35135K, capacity 35727K, committed 35840K, reserved 1081344K
  class space    used 3715K, capacity 3986K, committed 4096K, reserved 1048576K
}
Event: 4.224 GC heap after
{Heap after GC invocations=7 (full 0):
 garbage-first heap   total 305152K, used 46251K [0x0000000709200000, 0x0000000800000000)
  region size 1024K, 3 young (3072K), 3 survivors (3072K)
 Metaspace       used 35135K, capacity 35727K, committed 35840K, reserved 1081344K
  class space    used 3715K, capacity 3986K, committed 4096K, reserved 1048576K
}

