# JRE version: Java(TM) SE Runtime Environment 18.9 (11.0.16.1+1) (build 11.0.16.1+1-LTS-1)
# Java VM: Java HotSpot(TM) 64-Bit Server VM 18.9 (11.0.16.1+1-LTS-1, mixed mode, tiered, compressed oops, g1 gc, windows-amd64)
Heap:
 garbage-first heap   total 253952K, used 52825K [0x0000000709200000, 0x0000000800000000)
  region size 1024K, 20 young (20480K), 15 survivors (15360K)
 Metaspace       used 34994K, capacity 35739K, committed 35840K, reserved 1081344K
  class space    used 3728K, capacity 4045K, committed 4096K, reserved 1048576K
GC Heap History (10 events):
Event: 1.898 GC heap before
{Heap before GC invocations=1 (full 0):
 garbage-first heap   total 253952K, used 153832K [0x0000000709200000, 0x0000000800000000)
  region size 1024K, 148 young (151552K), 3 survivors (3072K)
 Metaspace       used 20125K, capacity 20400K, committed 20736K, reserved 1069056K
  class space    used 1851K, capacity 1945K, committed 2048K, reserved 1048576K
}
Event: 1.909 GC heap after
{Heap after GC invocations=2 (full 0):
 garbage-first heap   total 253952K, used 24108K [0x0000000709200000, 0x0000000800000000)
  region size 1024K, 19 young (19456K), 19 survivors (19456K)
 Metaspace       used 20125K, capacity 20400K, committed 20736K, reserved 1069056K
  class space    used 1851K, capacity 1945K, committed 2048K, reserved 1048576K
}
Event: 2.078 GC heap before
{Heap before GC invocations=2 (full 0):
 garbage-first heap   total 253952K, used 47660K [0x0000000709200000, 0x0000000800000000)
  region size 1024K, 43 young (44032K), 19 survivors (19456K)
 Metaspace       used 20914K, capacity 21200K, committed 21248K, reserved 1069056K
  class space    used 1944K, capacity 2041K, committed 2048K, reserved 1048576K
}
Event: 2.090 GC heap after
{Heap after GC invocations=3 (full 0):
 garbage-first heap   total 253952K, used 26474K [0x0000000709200000, 0x0000000800000000)
  region size 1024K, 3 young (3072K), 3 survivors (3072K)
 Metaspace       used 20914K, capacity 21200K, committed 21248K, reserved 1069056K
  class space    used 1944K, capacity 2041K, committed 2048K, reserved 1048576K
}
Event: 2.851 GC heap before
{Heap before GC invocations=4 (full 0):
 garbage-first heap   total 253952K, used 87914K [0x0000000709200000, 0x0000000800000000)
  region size 1024K, 63 young (64512K), 3 survivors (3072K)
 Metaspace       used 25356K, capacity 25835K, committed 26112K, reserved 1073152K
  class space    used 2491K, capacity 2704K, committed 2816K, reserved 1048576K
}
Event: 2.855 GC heap after
{Heap after GC invocations=5 (full 0):
 garbage-first heap   total 253952K, used 31254K [0x0000000709200000, 0x0000000800000000)
  region size 1024K, 8 young (8192K), 8 survivors (8192K)
 Metaspace       used 25356K, capacity 25835K, committed 26112K, reserved 1073152K
  class space    used 2491K, capacity 2704K, committed 2816K, reserved 1048576K
}
Event: 3.744 GC heap before
{Heap before GC invocations=5 (full 0):
 garbage-first heap   total 253952K, used 127510K [0x0000000709200000, 0x0000000800000000)
  region size 1024K, 102 young (104448K), 8 survivors (8192K)
 Metaspace       used 28579K, capacity 29129K, committed 29312K, reserved 1075200K
  class space    used 2876K, capacity 3124K, committed 3200K, reserved 1048576K
}
Event: 3.752 GC heap after
{Heap after GC invocations=6 (full 0):
 garbage-first heap   total 253952K, used 38859K [0x0000000709200000, 0x0000000800000000)
  region size 1024K, 13 young (13312K), 13 survivors (13312K)
 Metaspace       used 28579K, capacity 29129K, committed 29312K, reserved 1075200K
  class space    used 2876K, capacity 3124K, committed 3200K, reserved 1048576K
}
Event: 4.588 GC heap before
{Heap before GC invocations=6 (full 0):
 garbage-first heap   total 253952K, used 147403K [0x0000000709200000, 0x0000000800000000)
  region size 1024K, 119 young (121856K), 13 survivors (13312K)
 Metaspace       used 34849K, capacity 35545K, committed 35840K, reserved 1081344K
  class space    used 3709K, capacity 4001K, committed 4096K, reserved 1048576K
}
Event: 4.597 GC heap after
{Heap after GC invocations=7 (full 0):
 garbage-first heap   total 253952K, used 48729K [0x0000000709200000, 0x0000000800000000)
  region size 1024K, 15 young (15360K), 15 survivors (15360K)
 Metaspace       used 34849K, capacity 35545K, committed 35840K, reserved 1081344K
  class space    used 3709K, capacity 4001K, committed 4096K, reserved 1048576K
}

