<?xml version="1.0" encoding="UTF-8"?>
<testng-results ignored="0" total="1" passed="1" failed="0" skipped="0">
  <reporter-output>
  </reporter-output>
  <suite started-at="2023-02-09T16:26:08 IST" name="Surefire suite" finished-at="2023-02-09T16:26:39 IST" duration-ms="31106">
    <groups>
    </groups>
    <test started-at="2023-02-09T16:26:08 IST" name="Surefire test" finished-at="2023-02-09T16:26:39 IST" duration-ms="31106">
      <class name="uiTests.login.LoginTests">
        <test-method is-config="true" signature="setUpUiTest()[pri:0, instance:uiTests.login.LoginTests@e4d2696]" started-at="2023-02-09T16:26:08 IST" name="setUpUiTest" finished-at="2023-02-09T16:26:22 IST" duration-ms="14094" status="PASS">
          <reporter-output>
          </reporter-output>
        </test-method> <!-- setUpUiTest -->
        <test-method signature="createNewUserTest()[pri:0, instance:uiTests.login.LoginTests@e4d2696]" started-at="2023-02-09T16:26:22 IST" name="createNewUserTest" finished-at="2023-02-09T16:26:22 IST" duration-ms="34" status="PASS">
          <reporter-output>
          </reporter-output>
        </test-method> <!-- createNewUserTest -->
        <test-method is-config="true" signature="tearDown()[pri:0, instance:uiTests.login.LoginTests@e4d2696]" started-at="2023-02-09T16:26:22 IST" name="tearDown" finished-at="2023-02-09T16:26:39 IST" duration-ms="16845" status="PASS">
          <reporter-output>
          </reporter-output>
        </test-method> <!-- tearDown -->
      </class> <!-- uiTests.login.LoginTests -->
    </test> <!-- Surefire test -->
  </suite> <!-- Surefire suite -->
</testng-results>
